[0101/203448.363:ERROR:directory_reader_win.cc(43)] FindFirstFile: The system cannot find the path specified. (0x3)
[0105/233415.336:ERROR:directory_reader_win.cc(43)] FindFirstFile: The system cannot find the path specified. (0x3)
[0107/234859.918:ERROR:process_reader_win.cc(151)] SuspendThread: Access is denied. (0x5)
[0107/234859.918:ERROR:process_reader_win.cc(151)] SuspendThread: Access is denied. (0x5)
[0107/234859.918:ERROR:process_reader_win.cc(123)] NtOpenThread: {Access Denied} A process has requested access to an object, but has not been granted those access rights. (0xc0000022)
[0107/234859.934:ERROR:exception_snapshot_win.cc(99)] thread ID 13872 not found in process
[0107/234859.934:ERROR:process_reader_win.cc(151)] SuspendThread: Access is denied. (0x5)
[0107/234859.949:ERROR:process_reader_win.cc(151)] SuspendThread: Access is denied. (0x5)
[0107/234859.949:ERROR:process_reader_win.cc(123)] NtOpenThread: {Access Denied} A process has requested access to an object, but has not been granted those access rights. (0xc0000022)
[0107/234859.949:ERROR:exception_snapshot_win.cc(99)] thread ID 6568 not found in process
[0107/234859.934:ERROR:process_reader_win.cc(151)] SuspendThread: Access is denied. (0x5)
[0107/234859.949:ERROR:process_reader_win.cc(151)] SuspendThread: Access is denied. (0x5)
[0107/234859.949:ERROR:process_reader_win.cc(123)] NtOpenThread: {Access Denied} A process has requested access to an object, but has not been granted those access rights. (0xc0000022)
[0107/234859.949:ERROR:exception_snapshot_win.cc(99)] thread ID 10600 not found in process
[0107/234859.949:ERROR:process_reader_win.cc(151)] SuspendThread: Access is denied. (0x5)
[0107/234859.949:ERROR:process_reader_win.cc(151)] SuspendThread: Access is denied. (0x5)
[0107/234859.949:ERROR:process_reader_win.cc(123)] NtOpenThread: {Access Denied} A process has requested access to an object, but has not been granted those access rights. (0xc0000022)
[0107/234859.949:ERROR:exception_snapshot_win.cc(99)] thread ID 15612 not found in process
[0107/234859.965:ERROR:process_reader_win.cc(151)] SuspendThread: Access is denied. (0x5)
[0107/234859.965:ERROR:process_reader_win.cc(151)] SuspendThread: Access is denied. (0x5)
[0107/234859.965:ERROR:process_reader_win.cc(123)] NtOpenThread: {Access Denied} A process has requested access to an object, but has not been granted those access rights. (0xc0000022)
[0107/234859.965:ERROR:exception_snapshot_win.cc(99)] thread ID 4232 not found in process
[0107/234859.996:ERROR:process_reader_win.cc(151)] SuspendThread: Access is denied. (0x5)
[0107/234859.996:ERROR:process_reader_win.cc(151)] SuspendThread: Access is denied. (0x5)
[0107/234859.996:ERROR:process_reader_win.cc(123)] NtOpenThread: {Access Denied} A process has requested access to an object, but has not been granted those access rights. (0xc0000022)
[0107/234859.996:ERROR:exception_snapshot_win.cc(99)] thread ID 14204 not found in process
[0107/234900.137:ERROR:process_reader_win.cc(151)] SuspendThread: Access is denied. (0x5)
[0107/234900.137:ERROR:process_reader_win.cc(151)] SuspendThread: Access is denied. (0x5)
[0107/234900.137:ERROR:process_reader_win.cc(151)] SuspendThread: Access is denied. (0x5)
[0107/234900.137:ERROR:process_reader_win.cc(151)] SuspendThread: Access is denied. (0x5)
[0107/234900.137:ERROR:process_reader_win.cc(151)] SuspendThread: Access is denied. (0x5)
[0107/234900.137:ERROR:process_reader_win.cc(151)] SuspendThread: Access is denied. (0x5)
[0107/234900.137:ERROR:process_reader_win.cc(151)] SuspendThread: Access is denied. (0x5)
[0107/234900.137:ERROR:process_reader_win.cc(151)] SuspendThread: Access is denied. (0x5)
[0107/234900.137:ERROR:process_reader_win.cc(151)] SuspendThread: Access is denied. (0x5)
[0107/234900.137:ERROR:process_reader_win.cc(151)] SuspendThread: Access is denied. (0x5)
[0107/234900.137:ERROR:process_reader_win.cc(151)] SuspendThread: Access is denied. (0x5)
[0107/234900.137:ERROR:process_reader_win.cc(151)] SuspendThread: Access is denied. (0x5)
[0107/234900.137:ERROR:process_reader_win.cc(151)] SuspendThread: Access is denied. (0x5)
[0107/234900.137:ERROR:process_reader_win.cc(123)] NtOpenThread: {Access Denied} A process has requested access to an object, but has not been granted those access rights. (0xc0000022)
[0107/234900.137:ERROR:exception_snapshot_win.cc(99)] thread ID 1664 not found in process
[0107/234900.152:ERROR:process_reader_win.cc(151)] SuspendThread: Access is denied. (0x5)
[0107/234900.152:ERROR:process_reader_win.cc(151)] SuspendThread: Access is denied. (0x5)
[0107/234900.152:ERROR:process_reader_win.cc(151)] SuspendThread: Access is denied. (0x5)
[0107/234900.152:ERROR:process_reader_win.cc(151)] SuspendThread: Access is denied. (0x5)
[0107/234900.152:ERROR:process_reader_win.cc(151)] SuspendThread: Access is denied. (0x5)
[0107/234900.152:ERROR:process_reader_win.cc(151)] SuspendThread: Access is denied. (0x5)
[0107/234900.152:ERROR:process_reader_win.cc(151)] SuspendThread: Access is denied. (0x5)
[0107/234900.152:ERROR:process_reader_win.cc(151)] SuspendThread: Access is denied. (0x5)
[0107/234900.152:ERROR:process_reader_win.cc(151)] SuspendThread: Access is denied. (0x5)
[0107/234900.152:ERROR:process_reader_win.cc(151)] SuspendThread: Access is denied. (0x5)
[0107/234900.152:ERROR:process_reader_win.cc(151)] SuspendThread: Access is denied. (0x5)
[0107/234900.152:ERROR:process_reader_win.cc(151)] SuspendThread: Access is denied. (0x5)
[0107/234900.152:ERROR:process_reader_win.cc(151)] SuspendThread: Access is denied. (0x5)
[0107/234900.152:ERROR:process_reader_win.cc(151)] SuspendThread: Access is denied. (0x5)
[0107/234900.152:ERROR:process_reader_win.cc(151)] SuspendThread: Access is denied. (0x5)
[0107/234900.152:ERROR:process_reader_win.cc(123)] NtOpenThread: {Access Denied} A process has requested access to an object, but has not been granted those access rights. (0xc0000022)
[0107/234900.152:ERROR:exception_snapshot_win.cc(99)] thread ID 13288 not found in process
[0107/234900.168:ERROR:process_reader_win.cc(151)] SuspendThread: Access is denied. (0x5)
[0107/234900.168:ERROR:process_reader_win.cc(151)] SuspendThread: Access is denied. (0x5)
[0107/234900.168:ERROR:process_reader_win.cc(151)] SuspendThread: Access is denied. (0x5)
[0107/234900.168:ERROR:process_reader_win.cc(151)] SuspendThread: Access is denied. (0x5)
[0107/234900.168:ERROR:process_reader_win.cc(151)] SuspendThread: Access is denied. (0x5)
[0107/234900.168:ERROR:process_reader_win.cc(151)] SuspendThread: Access is denied. (0x5)
[0107/234900.168:ERROR:process_reader_win.cc(151)] SuspendThread: Access is denied. (0x5)
[0107/234900.168:ERROR:process_reader_win.cc(151)] SuspendThread: Access is denied. (0x5)
[0107/234900.168:ERROR:process_reader_win.cc(151)] SuspendThread: Access is denied. (0x5)
[0107/234900.168:ERROR:process_reader_win.cc(151)] SuspendThread: Access is denied. (0x5)
[0107/234900.168:ERROR:process_reader_win.cc(151)] SuspendThread: Access is denied. (0x5)
[0107/234900.168:ERROR:process_reader_win.cc(151)] SuspendThread: Access is denied. (0x5)
[0107/234900.168:ERROR:process_reader_win.cc(151)] SuspendThread: Access is denied. (0x5)
[0107/234900.168:ERROR:process_reader_win.cc(151)] SuspendThread: Access is denied. (0x5)
[0107/234900.168:ERROR:process_reader_win.cc(151)] SuspendThread: Access is denied. (0x5)
[0107/234900.168:ERROR:process_reader_win.cc(123)] NtOpenThread: {Access Denied} A process has requested access to an object, but has not been granted those access rights. (0xc0000022)
[0107/234900.168:ERROR:exception_snapshot_win.cc(99)] thread ID 9560 not found in process
[0107/234900.215:ERROR:process_reader_win.cc(151)] SuspendThread: Access is denied. (0x5)
[0107/234900.215:ERROR:process_reader_win.cc(151)] SuspendThread: Access is denied. (0x5)
[0107/234900.215:ERROR:process_reader_win.cc(151)] SuspendThread: Access is denied. (0x5)
[0107/234900.215:ERROR:process_reader_win.cc(151)] SuspendThread: Access is denied. (0x5)
[0107/234900.215:ERROR:process_reader_win.cc(151)] SuspendThread: Access is denied. (0x5)
[0107/234900.215:ERROR:process_reader_win.cc(151)] SuspendThread: Access is denied. (0x5)
[0107/234900.215:ERROR:process_reader_win.cc(151)] SuspendThread: Access is denied. (0x5)
[0107/234900.215:ERROR:process_reader_win.cc(151)] SuspendThread: Access is denied. (0x5)
[0107/234900.215:ERROR:process_reader_win.cc(151)] SuspendThread: Access is denied. (0x5)
[0107/234900.215:ERROR:process_reader_win.cc(151)] SuspendThread: Access is denied. (0x5)
[0107/234900.215:ERROR:process_reader_win.cc(151)] SuspendThread: Access is denied. (0x5)
[0107/234900.215:ERROR:process_reader_win.cc(151)] SuspendThread: Access is denied. (0x5)
[0107/234900.215:ERROR:process_reader_win.cc(151)] SuspendThread: Access is denied. (0x5)
[0107/234900.215:ERROR:process_reader_win.cc(151)] SuspendThread: Access is denied. (0x5)
[0107/234900.215:ERROR:process_reader_win.cc(151)] SuspendThread: Access is denied. (0x5)
[0107/234900.215:ERROR:process_reader_win.cc(123)] NtOpenThread: {Access Denied} A process has requested access to an object, but has not been granted those access rights. (0xc0000022)
[0107/234900.215:ERROR:exception_snapshot_win.cc(99)] thread ID 11704 not found in process
[0107/234900.231:ERROR:process_reader_win.cc(151)] SuspendThread: Access is denied. (0x5)
[0107/234900.231:ERROR:process_reader_win.cc(151)] SuspendThread: Access is denied. (0x5)
[0107/234900.231:ERROR:process_reader_win.cc(151)] SuspendThread: Access is denied. (0x5)
[0107/234900.231:ERROR:process_reader_win.cc(151)] SuspendThread: Access is denied. (0x5)
[0107/234900.231:ERROR:process_reader_win.cc(151)] SuspendThread: Access is denied. (0x5)
[0107/234900.231:ERROR:process_reader_win.cc(151)] SuspendThread: Access is denied. (0x5)
[0107/234900.231:ERROR:process_reader_win.cc(151)] SuspendThread: Access is denied. (0x5)
[0107/234900.231:ERROR:process_reader_win.cc(151)] SuspendThread: Access is denied. (0x5)
[0107/234900.231:ERROR:process_reader_win.cc(151)] SuspendThread: Access is denied. (0x5)
[0107/234900.231:ERROR:process_reader_win.cc(151)] SuspendThread: Access is denied. (0x5)
[0107/234900.231:ERROR:process_reader_win.cc(151)] SuspendThread: Access is denied. (0x5)
[0107/234900.231:ERROR:process_reader_win.cc(151)] SuspendThread: Access is denied. (0x5)
[0107/234900.231:ERROR:process_reader_win.cc(151)] SuspendThread: Access is denied. (0x5)
[0107/234900.231:ERROR:process_reader_win.cc(151)] SuspendThread: Access is denied. (0x5)
[0107/234900.231:ERROR:process_reader_win.cc(151)] SuspendThread: Access is denied. (0x5)
[0107/234900.231:ERROR:process_reader_win.cc(151)] SuspendThread: Access is denied. (0x5)
[0107/234900.231:ERROR:process_reader_win.cc(123)] NtOpenThread: {Access Denied} A process has requested access to an object, but has not been granted those access rights. (0xc0000022)
[0107/234900.231:ERROR:exception_snapshot_win.cc(99)] thread ID 12832 not found in process
[0107/234900.231:ERROR:process_reader_win.cc(151)] SuspendThread: Access is denied. (0x5)
[0107/234900.231:ERROR:process_reader_win.cc(151)] SuspendThread: Access is denied. (0x5)
[0107/234900.231:ERROR:process_reader_win.cc(151)] SuspendThread: Access is denied. (0x5)
[0107/234900.231:ERROR:process_reader_win.cc(151)] SuspendThread: Access is denied. (0x5)
[0107/234900.231:ERROR:process_reader_win.cc(151)] SuspendThread: Access is denied. (0x5)
[0107/234900.231:ERROR:process_reader_win.cc(151)] SuspendThread: Access is denied. (0x5)
[0107/234900.231:ERROR:process_reader_win.cc(151)] SuspendThread: Access is denied. (0x5)
[0107/234900.231:ERROR:process_reader_win.cc(151)] SuspendThread: Access is denied. (0x5)
[0107/234900.231:ERROR:process_reader_win.cc(151)] SuspendThread: Access is denied. (0x5)
[0107/234900.231:ERROR:process_reader_win.cc(151)] SuspendThread: Access is denied. (0x5)
[0107/234900.231:ERROR:process_reader_win.cc(151)] SuspendThread: Access is denied. (0x5)
[0107/234900.231:ERROR:process_reader_win.cc(151)] SuspendThread: Access is denied. (0x5)
[0107/234900.231:ERROR:process_reader_win.cc(151)] SuspendThread: Access is denied. (0x5)
[0107/234900.231:ERROR:process_reader_win.cc(151)] SuspendThread: Access is denied. (0x5)
[0107/234900.231:ERROR:process_reader_win.cc(151)] SuspendThread: Access is denied. (0x5)
[0107/234900.231:ERROR:process_reader_win.cc(123)] NtOpenThread: {Access Denied} A process has requested access to an object, but has not been granted those access rights. (0xc0000022)
[0107/234900.231:ERROR:exception_snapshot_win.cc(99)] thread ID 14420 not found in process
[0107/234900.231:ERROR:process_reader_win.cc(151)] SuspendThread: Access is denied. (0x5)
[0107/234900.231:ERROR:process_reader_win.cc(151)] SuspendThread: Access is denied. (0x5)
[0107/234900.231:ERROR:process_reader_win.cc(151)] SuspendThread: Access is denied. (0x5)
[0107/234900.231:ERROR:process_reader_win.cc(151)] SuspendThread: Access is denied. (0x5)
[0107/234900.231:ERROR:process_reader_win.cc(151)] SuspendThread: Access is denied. (0x5)
[0107/234900.231:ERROR:process_reader_win.cc(151)] SuspendThread: Access is denied. (0x5)
[0107/234900.231:ERROR:process_reader_win.cc(151)] SuspendThread: Access is denied. (0x5)
[0107/234900.231:ERROR:process_reader_win.cc(151)] SuspendThread: Access is denied. (0x5)
[0107/234900.231:ERROR:process_reader_win.cc(151)] SuspendThread: Access is denied. (0x5)
[0107/234900.231:ERROR:process_reader_win.cc(151)] SuspendThread: Access is denied. (0x5)
[0107/234900.231:ERROR:process_reader_win.cc(151)] SuspendThread: Access is denied. (0x5)
[0107/234900.231:ERROR:process_reader_win.cc(151)] SuspendThread: Access is denied. (0x5)
[0107/234900.231:ERROR:process_reader_win.cc(151)] SuspendThread: Access is denied. (0x5)
[0107/234900.231:ERROR:process_reader_win.cc(123)] NtOpenThread: {Access Denied} A process has requested access to an object, but has not been granted those access rights. (0xc0000022)
[0107/234900.231:ERROR:exception_snapshot_win.cc(99)] thread ID 15552 not found in process
[0107/234900.293:ERROR:process_reader_win.cc(151)] SuspendThread: Access is denied. (0x5)
[0107/234900.293:ERROR:process_reader_win.cc(151)] SuspendThread: Access is denied. (0x5)
[0107/234900.293:ERROR:process_reader_win.cc(151)] SuspendThread: Access is denied. (0x5)
[0107/234900.293:ERROR:process_reader_win.cc(151)] SuspendThread: Access is denied. (0x5)
[0107/234900.293:ERROR:process_reader_win.cc(151)] SuspendThread: Access is denied. (0x5)
[0107/234900.293:ERROR:process_reader_win.cc(151)] SuspendThread: Access is denied. (0x5)
[0107/234900.293:ERROR:process_reader_win.cc(151)] SuspendThread: Access is denied. (0x5)
[0107/234900.293:ERROR:process_reader_win.cc(151)] SuspendThread: Access is denied. (0x5)
[0107/234900.293:ERROR:process_reader_win.cc(151)] SuspendThread: Access is denied. (0x5)
[0107/234900.293:ERROR:process_reader_win.cc(151)] SuspendThread: Access is denied. (0x5)
[0107/234900.293:ERROR:process_reader_win.cc(151)] SuspendThread: Access is denied. (0x5)
[0107/234900.293:ERROR:process_reader_win.cc(151)] SuspendThread: Access is denied. (0x5)
[0107/234900.293:ERROR:process_reader_win.cc(151)] SuspendThread: Access is denied. (0x5)
[0107/234900.293:ERROR:process_reader_win.cc(151)] SuspendThread: Access is denied. (0x5)
[0107/234900.293:ERROR:process_reader_win.cc(151)] SuspendThread: Access is denied. (0x5)
[0107/234900.293:ERROR:process_reader_win.cc(123)] NtOpenThread: {Access Denied} A process has requested access to an object, but has not been granted those access rights. (0xc0000022)
[0107/234900.293:ERROR:exception_snapshot_win.cc(99)] thread ID 15780 not found in process
[0107/234900.309:ERROR:process_reader_win.cc(151)] SuspendThread: Access is denied. (0x5)
[0107/234900.309:ERROR:process_reader_win.cc(151)] SuspendThread: Access is denied. (0x5)
[0107/234900.309:ERROR:process_reader_win.cc(151)] SuspendThread: Access is denied. (0x5)
[0107/234900.309:ERROR:process_reader_win.cc(151)] SuspendThread: Access is denied. (0x5)
[0107/234900.309:ERROR:process_reader_win.cc(151)] SuspendThread: Access is denied. (0x5)
[0107/234900.309:ERROR:process_reader_win.cc(151)] SuspendThread: Access is denied. (0x5)
[0107/234900.309:ERROR:process_reader_win.cc(151)] SuspendThread: Access is denied. (0x5)
[0107/234900.309:ERROR:process_reader_win.cc(151)] SuspendThread: Access is denied. (0x5)
[0107/234900.309:ERROR:process_reader_win.cc(151)] SuspendThread: Access is denied. (0x5)
[0107/234900.309:ERROR:process_reader_win.cc(151)] SuspendThread: Access is denied. (0x5)
[0107/234900.309:ERROR:process_reader_win.cc(151)] SuspendThread: Access is denied. (0x5)
[0107/234900.309:ERROR:process_reader_win.cc(151)] SuspendThread: Access is denied. (0x5)
[0107/234900.309:ERROR:process_reader_win.cc(151)] SuspendThread: Access is denied. (0x5)
[0107/234900.309:ERROR:process_reader_win.cc(151)] SuspendThread: Access is denied. (0x5)
[0107/234900.309:ERROR:process_reader_win.cc(123)] NtOpenThread: {Access Denied} A process has requested access to an object, but has not been granted those access rights. (0xc0000022)
[0107/234900.309:ERROR:exception_snapshot_win.cc(99)] thread ID 2220 not found in process
[0107/234900.324:ERROR:process_reader_win.cc(151)] SuspendThread: Access is denied. (0x5)
[0107/234900.324:ERROR:process_reader_win.cc(151)] SuspendThread: Access is denied. (0x5)
[0107/234900.324:ERROR:process_reader_win.cc(151)] SuspendThread: Access is denied. (0x5)
[0107/234900.324:ERROR:process_reader_win.cc(151)] SuspendThread: Access is denied. (0x5)
[0107/234900.324:ERROR:process_reader_win.cc(151)] SuspendThread: Access is denied. (0x5)
[0107/234900.324:ERROR:process_reader_win.cc(151)] SuspendThread: Access is denied. (0x5)
[0107/234900.324:ERROR:process_reader_win.cc(151)] SuspendThread: Access is denied. (0x5)
[0107/234900.324:ERROR:process_reader_win.cc(151)] SuspendThread: Access is denied. (0x5)
[0107/234900.324:ERROR:process_reader_win.cc(151)] SuspendThread: Access is denied. (0x5)
[0107/234900.324:ERROR:process_reader_win.cc(151)] SuspendThread: Access is denied. (0x5)
[0107/234900.324:ERROR:process_reader_win.cc(151)] SuspendThread: Access is denied. (0x5)
[0107/234900.324:ERROR:process_reader_win.cc(151)] SuspendThread: Access is denied. (0x5)
[0107/234900.324:ERROR:process_reader_win.cc(151)] SuspendThread: Access is denied. (0x5)
[0107/234900.324:ERROR:process_reader_win.cc(123)] NtOpenThread: {Access Denied} A process has requested access to an object, but has not been granted those access rights. (0xc0000022)
[0107/234900.324:ERROR:exception_snapshot_win.cc(99)] thread ID 15764 not found in process
[0107/234900.356:ERROR:process_reader_win.cc(151)] SuspendThread: Access is denied. (0x5)
[0107/234900.356:ERROR:process_reader_win.cc(151)] SuspendThread: Access is denied. (0x5)
[0107/234900.356:ERROR:process_reader_win.cc(151)] SuspendThread: Access is denied. (0x5)
[0107/234900.356:ERROR:process_reader_win.cc(151)] SuspendThread: Access is denied. (0x5)
[0107/234900.356:ERROR:process_reader_win.cc(151)] SuspendThread: Access is denied. (0x5)
[0107/234900.356:ERROR:process_reader_win.cc(151)] SuspendThread: Access is denied. (0x5)
[0107/234900.356:ERROR:process_reader_win.cc(151)] SuspendThread: Access is denied. (0x5)
[0107/234900.356:ERROR:process_reader_win.cc(151)] SuspendThread: Access is denied. (0x5)
[0107/234900.356:ERROR:process_reader_win.cc(151)] SuspendThread: Access is denied. (0x5)
[0107/234900.371:ERROR:process_reader_win.cc(151)] SuspendThread: Access is denied. (0x5)
[0107/234900.371:ERROR:process_reader_win.cc(151)] SuspendThread: Access is denied. (0x5)
[0107/234900.371:ERROR:process_reader_win.cc(151)] SuspendThread: Access is denied. (0x5)
[0107/234900.371:ERROR:process_reader_win.cc(151)] SuspendThread: Access is denied. (0x5)
[0107/234900.371:ERROR:process_reader_win.cc(123)] NtOpenThread: {Access Denied} A process has requested access to an object, but has not been granted those access rights. (0xc0000022)
[0107/234900.371:ERROR:exception_snapshot_win.cc(99)] thread ID 16488 not found in process
[0107/234900.387:ERROR:process_reader_win.cc(151)] SuspendThread: Access is denied. (0x5)
[0107/234900.387:ERROR:process_reader_win.cc(151)] SuspendThread: Access is denied. (0x5)
[0107/234900.387:ERROR:process_reader_win.cc(151)] SuspendThread: Access is denied. (0x5)
[0107/234900.387:ERROR:process_reader_win.cc(151)] SuspendThread: Access is denied. (0x5)
[0107/234900.387:ERROR:process_reader_win.cc(151)] SuspendThread: Access is denied. (0x5)
[0107/234900.387:ERROR:process_reader_win.cc(151)] SuspendThread: Access is denied. (0x5)
[0107/234900.387:ERROR:process_reader_win.cc(151)] SuspendThread: Access is denied. (0x5)
[0107/234900.387:ERROR:process_reader_win.cc(151)] SuspendThread: Access is denied. (0x5)
[0107/234900.387:ERROR:process_reader_win.cc(151)] SuspendThread: Access is denied. (0x5)
[0107/234900.387:ERROR:process_reader_win.cc(151)] SuspendThread: Access is denied. (0x5)
[0107/234900.387:ERROR:process_reader_win.cc(151)] SuspendThread: Access is denied. (0x5)
[0107/234900.387:ERROR:process_reader_win.cc(151)] SuspendThread: Access is denied. (0x5)
[0107/234900.387:ERROR:process_reader_win.cc(151)] SuspendThread: Access is denied. (0x5)
[0107/234900.387:ERROR:process_reader_win.cc(123)] NtOpenThread: {Access Denied} A process has requested access to an object, but has not been granted those access rights. (0xc0000022)
[0107/234900.387:ERROR:exception_snapshot_win.cc(99)] thread ID 14668 not found in process
[0107/234900.387:ERROR:process_reader_win.cc(151)] SuspendThread: Access is denied. (0x5)
[0107/234900.387:ERROR:process_reader_win.cc(151)] SuspendThread: Access is denied. (0x5)
[0107/234900.387:ERROR:process_reader_win.cc(151)] SuspendThread: Access is denied. (0x5)
[0107/234900.387:ERROR:process_reader_win.cc(151)] SuspendThread: Access is denied. (0x5)
[0107/234900.387:ERROR:process_reader_win.cc(151)] SuspendThread: Access is denied. (0x5)
[0107/234900.387:ERROR:process_reader_win.cc(151)] SuspendThread: Access is denied. (0x5)
[0107/234900.387:ERROR:process_reader_win.cc(151)] SuspendThread: Access is denied. (0x5)
[0107/234900.387:ERROR:process_reader_win.cc(151)] SuspendThread: Access is denied. (0x5)
[0107/234900.387:ERROR:process_reader_win.cc(151)] SuspendThread: Access is denied. (0x5)
[0107/234900.402:ERROR:process_reader_win.cc(151)] SuspendThread: Access is denied. (0x5)
[0107/234900.402:ERROR:process_reader_win.cc(151)] SuspendThread: Access is denied. (0x5)
[0107/234900.402:ERROR:process_reader_win.cc(151)] SuspendThread: Access is denied. (0x5)
[0107/234900.402:ERROR:process_reader_win.cc(151)] SuspendThread: Access is denied. (0x5)
[0107/234900.402:ERROR:process_reader_win.cc(123)] NtOpenThread: {Access Denied} A process has requested access to an object, but has not been granted those access rights. (0xc0000022)
[0107/234900.402:ERROR:exception_snapshot_win.cc(99)] thread ID 11520 not found in process
[0107/234900.434:ERROR:process_reader_win.cc(151)] SuspendThread: Access is denied. (0x5)
[0107/234900.434:ERROR:process_reader_win.cc(151)] SuspendThread: Access is denied. (0x5)
[0107/234900.434:ERROR:process_reader_win.cc(151)] SuspendThread: Access is denied. (0x5)
[0107/234900.434:ERROR:process_reader_win.cc(151)] SuspendThread: Access is denied. (0x5)
[0107/234900.434:ERROR:process_reader_win.cc(151)] SuspendThread: Access is denied. (0x5)
[0107/234900.434:ERROR:process_reader_win.cc(151)] SuspendThread: Access is denied. (0x5)
[0107/234900.434:ERROR:process_reader_win.cc(151)] SuspendThread: Access is denied. (0x5)
[0107/234900.434:ERROR:process_reader_win.cc(151)] SuspendThread: Access is denied. (0x5)
[0107/234900.434:ERROR:process_reader_win.cc(151)] SuspendThread: Access is denied. (0x5)
[0107/234900.434:ERROR:process_reader_win.cc(151)] SuspendThread: Access is denied. (0x5)
[0107/234900.434:ERROR:process_reader_win.cc(151)] SuspendThread: Access is denied. (0x5)
[0107/234900.434:ERROR:process_reader_win.cc(151)] SuspendThread: Access is denied. (0x5)
[0107/234900.434:ERROR:process_reader_win.cc(151)] SuspendThread: Access is denied. (0x5)
[0107/234900.434:ERROR:process_reader_win.cc(151)] SuspendThread: Access is denied. (0x5)
[0107/234900.434:ERROR:process_reader_win.cc(151)] SuspendThread: Access is denied. (0x5)
[0107/234900.434:ERROR:process_reader_win.cc(151)] SuspendThread: Access is denied. (0x5)
[0107/234900.434:ERROR:process_reader_win.cc(151)] SuspendThread: Access is denied. (0x5)
[0107/234900.434:ERROR:process_reader_win.cc(123)] NtOpenThread: {Access Denied} A process has requested access to an object, but has not been granted those access rights. (0xc0000022)
[0107/234900.434:ERROR:exception_snapshot_win.cc(99)] thread ID 14620 not found in process
[0107/234900.465:ERROR:process_reader_win.cc(151)] SuspendThread: Access is denied. (0x5)
[0107/234900.465:ERROR:process_reader_win.cc(151)] SuspendThread: Access is denied. (0x5)
[0107/234900.465:ERROR:process_reader_win.cc(151)] SuspendThread: Access is denied. (0x5)
[0107/234900.465:ERROR:process_reader_win.cc(151)] SuspendThread: Access is denied. (0x5)
[0107/234900.465:ERROR:process_reader_win.cc(151)] SuspendThread: Access is denied. (0x5)
[0107/234900.465:ERROR:process_reader_win.cc(151)] SuspendThread: Access is denied. (0x5)
[0107/234900.465:ERROR:process_reader_win.cc(151)] SuspendThread: Access is denied. (0x5)
[0107/234900.465:ERROR:process_reader_win.cc(151)] SuspendThread: Access is denied. (0x5)
[0107/234900.465:ERROR:process_reader_win.cc(151)] SuspendThread: Access is denied. (0x5)
[0107/234900.465:ERROR:process_reader_win.cc(151)] SuspendThread: Access is denied. (0x5)
[0107/234900.465:ERROR:process_reader_win.cc(151)] SuspendThread: Access is denied. (0x5)
[0107/234900.465:ERROR:process_reader_win.cc(151)] SuspendThread: Access is denied. (0x5)
[0107/234900.465:ERROR:process_reader_win.cc(151)] SuspendThread: Access is denied. (0x5)
[0107/234900.465:ERROR:process_reader_win.cc(123)] NtOpenThread: {Access Denied} A process has requested access to an object, but has not been granted those access rights. (0xc0000022)
[0107/234900.465:ERROR:exception_snapshot_win.cc(99)] thread ID 13396 not found in process
[0107/234900.465:ERROR:process_reader_win.cc(151)] SuspendThread: Access is denied. (0x5)
[0107/234900.465:ERROR:process_reader_win.cc(151)] SuspendThread: Access is denied. (0x5)
[0107/234900.465:ERROR:process_reader_win.cc(151)] SuspendThread: Access is denied. (0x5)
[0107/234900.465:ERROR:process_reader_win.cc(151)] SuspendThread: Access is denied. (0x5)
[0107/234900.465:ERROR:process_reader_win.cc(151)] SuspendThread: Access is denied. (0x5)
[0107/234900.465:ERROR:process_reader_win.cc(151)] SuspendThread: Access is denied. (0x5)
[0107/234900.465:ERROR:process_reader_win.cc(151)] SuspendThread: Access is denied. (0x5)
[0107/234900.465:ERROR:process_reader_win.cc(151)] SuspendThread: Access is denied. (0x5)
[0107/234900.465:ERROR:process_reader_win.cc(151)] SuspendThread: Access is denied. (0x5)
[0107/234900.465:ERROR:process_reader_win.cc(151)] SuspendThread: Access is denied. (0x5)
[0107/234900.465:ERROR:process_reader_win.cc(151)] SuspendThread: Access is denied. (0x5)
[0107/234900.465:ERROR:process_reader_win.cc(151)] SuspendThread: Access is denied. (0x5)
[0107/234900.465:ERROR:process_reader_win.cc(151)] SuspendThread: Access is denied. (0x5)
[0107/234900.465:ERROR:process_reader_win.cc(123)] NtOpenThread: {Access Denied} A process has requested access to an object, but has not been granted those access rights. (0xc0000022)
[0107/234900.465:ERROR:exception_snapshot_win.cc(99)] thread ID 9124 not found in process
[0107/234900.496:ERROR:process_reader_win.cc(151)] SuspendThread: Access is denied. (0x5)
[0107/234900.496:ERROR:process_reader_win.cc(151)] SuspendThread: Access is denied. (0x5)
[0107/234900.496:ERROR:process_reader_win.cc(151)] SuspendThread: Access is denied. (0x5)
[0107/234900.496:ERROR:process_reader_win.cc(151)] SuspendThread: Access is denied. (0x5)
[0107/234900.496:ERROR:process_reader_win.cc(151)] SuspendThread: Access is denied. (0x5)
[0107/234900.496:ERROR:process_reader_win.cc(151)] SuspendThread: Access is denied. (0x5)
[0107/234900.496:ERROR:process_reader_win.cc(151)] SuspendThread: Access is denied. (0x5)
[0107/234900.496:ERROR:process_reader_win.cc(151)] SuspendThread: Access is denied. (0x5)
[0107/234900.496:ERROR:process_reader_win.cc(151)] SuspendThread: Access is denied. (0x5)
[0107/234900.496:ERROR:process_reader_win.cc(151)] SuspendThread: Access is denied. (0x5)
[0107/234900.496:ERROR:process_reader_win.cc(151)] SuspendThread: Access is denied. (0x5)
[0107/234900.496:ERROR:process_reader_win.cc(151)] SuspendThread: Access is denied. (0x5)
[0107/234900.496:ERROR:process_reader_win.cc(151)] SuspendThread: Access is denied. (0x5)
[0107/234900.496:ERROR:process_reader_win.cc(151)] SuspendThread: Access is denied. (0x5)
[0107/234900.496:ERROR:process_reader_win.cc(151)] SuspendThread: Access is denied. (0x5)
[0107/234900.496:ERROR:process_reader_win.cc(151)] SuspendThread: Access is denied. (0x5)
[0107/234900.496:ERROR:process_reader_win.cc(151)] SuspendThread: Access is denied. (0x5)
[0107/234900.496:ERROR:process_reader_win.cc(151)] SuspendThread: Access is denied. (0x5)
[0107/234900.496:ERROR:process_reader_win.cc(151)] SuspendThread: Access is denied. (0x5)
[0107/234900.496:ERROR:process_reader_win.cc(151)] SuspendThread: Access is denied. (0x5)
[0107/234900.496:ERROR:process_reader_win.cc(151)] SuspendThread: Access is denied. (0x5)
[0107/234900.496:ERROR:process_reader_win.cc(151)] SuspendThread: Access is denied. (0x5)
[0107/234900.496:ERROR:process_reader_win.cc(151)] SuspendThread: Access is denied. (0x5)
[0107/234900.496:ERROR:process_reader_win.cc(151)] SuspendThread: Access is denied. (0x5)
[0107/234900.496:ERROR:process_reader_win.cc(151)] SuspendThread: Access is denied. (0x5)
[0107/234900.496:ERROR:process_reader_win.cc(123)] NtOpenThread: {Access Denied} A process has requested access to an object, but has not been granted those access rights. (0xc0000022)
[0107/234900.496:ERROR:process_reader_win.cc(151)] SuspendThread: Access is denied. (0x5)
[0107/234900.496:ERROR:process_reader_win.cc(151)] SuspendThread: Access is denied. (0x5)
[0107/234900.496:ERROR:process_reader_win.cc(151)] SuspendThread: Access is denied. (0x5)
[0107/234900.496:ERROR:process_reader_win.cc(151)] SuspendThread: Access is denied. (0x5)
[0107/234900.496:ERROR:exception_snapshot_win.cc(99)] thread ID 10764 not found in process
[0107/234900.496:ERROR:process_reader_win.cc(151)] SuspendThread: Access is denied. (0x5)
[0107/234900.496:ERROR:process_reader_win.cc(151)] SuspendThread: Access is denied. (0x5)
[0107/234900.496:ERROR:process_reader_win.cc(151)] SuspendThread: Access is denied. (0x5)
[0107/234900.496:ERROR:process_reader_win.cc(123)] NtOpenThread: {Access Denied} A process has requested access to an object, but has not been granted those access rights. (0xc0000022)
[0107/234900.496:ERROR:exception_snapshot_win.cc(99)] thread ID 2624 not found in process
[0107/234900.527:ERROR:process_reader_win.cc(151)] SuspendThread: Access is denied. (0x5)
[0107/234900.527:ERROR:process_reader_win.cc(151)] SuspendThread: Access is denied. (0x5)
[0107/234900.527:ERROR:process_reader_win.cc(151)] SuspendThread: Access is denied. (0x5)
[0107/234900.527:ERROR:process_reader_win.cc(151)] SuspendThread: Access is denied. (0x5)
[0107/234900.527:ERROR:process_reader_win.cc(151)] SuspendThread: Access is denied. (0x5)
[0107/234900.527:ERROR:process_reader_win.cc(151)] SuspendThread: Access is denied. (0x5)
[0107/234900.527:ERROR:process_reader_win.cc(151)] SuspendThread: Access is denied. (0x5)
[0107/234900.527:ERROR:process_reader_win.cc(151)] SuspendThread: Access is denied. (0x5)
[0107/234900.527:ERROR:process_reader_win.cc(151)] SuspendThread: Access is denied. (0x5)
[0107/234900.527:ERROR:process_reader_win.cc(151)] SuspendThread: Access is denied. (0x5)
[0107/234900.527:ERROR:process_reader_win.cc(151)] SuspendThread: Access is denied. (0x5)
[0107/234900.527:ERROR:process_reader_win.cc(151)] SuspendThread: Access is denied. (0x5)
[0107/234900.527:ERROR:process_reader_win.cc(151)] SuspendThread: Access is denied. (0x5)
[0107/234900.527:ERROR:process_reader_win.cc(123)] NtOpenThread: {Access Denied} A process has requested access to an object, but has not been granted those access rights. (0xc0000022)
[0107/234900.527:ERROR:exception_snapshot_win.cc(99)] thread ID 17504 not found in process
[0107/234900.527:ERROR:process_reader_win.cc(151)] SuspendThread: Access is denied. (0x5)
[0107/234900.527:ERROR:process_reader_win.cc(151)] SuspendThread: Access is denied. (0x5)
[0107/234900.527:ERROR:process_reader_win.cc(151)] SuspendThread: Access is denied. (0x5)
[0107/234900.527:ERROR:process_reader_win.cc(151)] SuspendThread: Access is denied. (0x5)
[0107/234900.527:ERROR:process_reader_win.cc(151)] SuspendThread: Access is denied. (0x5)
[0107/234900.527:ERROR:process_reader_win.cc(151)] SuspendThread: Access is denied. (0x5)
[0107/234900.527:ERROR:process_reader_win.cc(151)] SuspendThread: Access is denied. (0x5)
[0107/234900.527:ERROR:process_reader_win.cc(151)] SuspendThread: Access is denied. (0x5)
[0107/234900.527:ERROR:process_reader_win.cc(151)] SuspendThread: Access is denied. (0x5)
[0107/234900.527:ERROR:process_reader_win.cc(151)] SuspendThread: Access is denied. (0x5)
[0107/234900.527:ERROR:process_reader_win.cc(151)] SuspendThread: Access is denied. (0x5)
[0107/234900.527:ERROR:process_reader_win.cc(151)] SuspendThread: Access is denied. (0x5)
[0107/234900.527:ERROR:process_reader_win.cc(151)] SuspendThread: Access is denied. (0x5)
[0107/234900.527:ERROR:process_reader_win.cc(123)] NtOpenThread: {Access Denied} A process has requested access to an object, but has not been granted those access rights. (0xc0000022)
[0107/234900.527:ERROR:exception_snapshot_win.cc(99)] thread ID 9136 not found in process
[0107/234900.574:ERROR:process_reader_win.cc(151)] SuspendThread: Access is denied. (0x5)
[0107/234900.574:ERROR:process_reader_win.cc(151)] SuspendThread: Access is denied. (0x5)
[0107/234900.574:ERROR:process_reader_win.cc(151)] SuspendThread: Access is denied. (0x5)
[0107/234900.574:ERROR:process_reader_win.cc(151)] SuspendThread: Access is denied. (0x5)
[0107/234900.574:ERROR:process_reader_win.cc(151)] SuspendThread: Access is denied. (0x5)
[0107/234900.574:ERROR:process_reader_win.cc(151)] SuspendThread: Access is denied. (0x5)
[0107/234900.574:ERROR:process_reader_win.cc(151)] SuspendThread: Access is denied. (0x5)
[0107/234900.574:ERROR:process_reader_win.cc(151)] SuspendThread: Access is denied. (0x5)
[0107/234900.574:ERROR:process_reader_win.cc(151)] SuspendThread: Access is denied. (0x5)
[0107/234900.574:ERROR:process_reader_win.cc(151)] SuspendThread: Access is denied. (0x5)
[0107/234900.574:ERROR:process_reader_win.cc(151)] SuspendThread: Access is denied. (0x5)
[0107/234900.574:ERROR:process_reader_win.cc(151)] SuspendThread: Access is denied. (0x5)
[0107/234900.574:ERROR:process_reader_win.cc(151)] SuspendThread: Access is denied. (0x5)
[0107/234900.574:ERROR:process_reader_win.cc(123)] NtOpenThread: {Access Denied} A process has requested access to an object, but has not been granted those access rights. (0xc0000022)
[0107/234900.574:ERROR:exception_snapshot_win.cc(99)] thread ID 12852 not found in process
[0107/234900.574:ERROR:process_reader_win.cc(151)] SuspendThread: Access is denied. (0x5)
[0107/234900.574:ERROR:process_reader_win.cc(151)] SuspendThread: Access is denied. (0x5)
[0107/234900.574:ERROR:process_reader_win.cc(151)] SuspendThread: Access is denied. (0x5)
[0107/234900.574:ERROR:process_reader_win.cc(151)] SuspendThread: Access is denied. (0x5)
[0107/234900.574:ERROR:process_reader_win.cc(151)] SuspendThread: Access is denied. (0x5)
[0107/234900.574:ERROR:process_reader_win.cc(151)] SuspendThread: Access is denied. (0x5)
[0107/234900.574:ERROR:process_reader_win.cc(151)] SuspendThread: Access is denied. (0x5)
[0107/234900.574:ERROR:process_reader_win.cc(151)] SuspendThread: Access is denied. (0x5)
[0107/234900.574:ERROR:process_reader_win.cc(151)] SuspendThread: Access is denied. (0x5)
[0107/234900.574:ERROR:process_reader_win.cc(151)] SuspendThread: Access is denied. (0x5)
[0107/234900.574:ERROR:process_reader_win.cc(151)] SuspendThread: Access is denied. (0x5)
[0107/234900.574:ERROR:process_reader_win.cc(151)] SuspendThread: Access is denied. (0x5)
[0107/234900.574:ERROR:process_reader_win.cc(151)] SuspendThread: Access is denied. (0x5)
[0107/234900.574:ERROR:process_reader_win.cc(123)] NtOpenThread: {Access Denied} A process has requested access to an object, but has not been granted those access rights. (0xc0000022)
[0107/234900.574:ERROR:exception_snapshot_win.cc(99)] thread ID 14024 not found in process
[0107/234900.590:ERROR:process_reader_win.cc(151)] SuspendThread: Access is denied. (0x5)
[0107/234900.590:ERROR:process_reader_win.cc(151)] SuspendThread: Access is denied. (0x5)
[0107/234900.590:ERROR:process_reader_win.cc(151)] SuspendThread: Access is denied. (0x5)
[0107/234900.590:ERROR:process_reader_win.cc(151)] SuspendThread: Access is denied. (0x5)
[0107/234900.590:ERROR:process_reader_win.cc(151)] SuspendThread: Access is denied. (0x5)
[0107/234900.590:ERROR:process_reader_win.cc(151)] SuspendThread: Access is denied. (0x5)
[0107/234900.590:ERROR:process_reader_win.cc(151)] SuspendThread: Access is denied. (0x5)
[0107/234900.590:ERROR:process_reader_win.cc(151)] SuspendThread: Access is denied. (0x5)
[0107/234900.590:ERROR:process_reader_win.cc(151)] SuspendThread: Access is denied. (0x5)
[0107/234900.590:ERROR:process_reader_win.cc(151)] SuspendThread: Access is denied. (0x5)
[0107/234900.590:ERROR:process_reader_win.cc(151)] SuspendThread: Access is denied. (0x5)
[0107/234900.590:ERROR:process_reader_win.cc(151)] SuspendThread: Access is denied. (0x5)
[0107/234900.590:ERROR:process_reader_win.cc(151)] SuspendThread: Access is denied. (0x5)
[0107/234900.590:ERROR:process_reader_win.cc(123)] NtOpenThread: {Access Denied} A process has requested access to an object, but has not been granted those access rights. (0xc0000022)
[0107/234900.590:ERROR:exception_snapshot_win.cc(99)] thread ID 17608 not found in process
[0107/234900.590:ERROR:process_reader_win.cc(151)] SuspendThread: Access is denied. (0x5)
[0107/234900.590:ERROR:process_reader_win.cc(151)] SuspendThread: Access is denied. (0x5)
[0107/234900.590:ERROR:process_reader_win.cc(151)] SuspendThread: Access is denied. (0x5)
[0107/234900.590:ERROR:process_reader_win.cc(151)] SuspendThread: Access is denied. (0x5)
[0107/234900.590:ERROR:process_reader_win.cc(151)] SuspendThread: Access is denied. (0x5)
[0107/234900.590:ERROR:process_reader_win.cc(151)] SuspendThread: Access is denied. (0x5)
[0107/234900.590:ERROR:process_reader_win.cc(151)] SuspendThread: Access is denied. (0x5)
[0107/234900.590:ERROR:process_reader_win.cc(151)] SuspendThread: Access is denied. (0x5)
[0107/234900.590:ERROR:process_reader_win.cc(151)] SuspendThread: Access is denied. (0x5)
[0107/234900.590:ERROR:process_reader_win.cc(151)] SuspendThread: Access is denied. (0x5)
[0107/234900.590:ERROR:process_reader_win.cc(151)] SuspendThread: Access is denied. (0x5)
[0107/234900.590:ERROR:process_reader_win.cc(151)] SuspendThread: Access is denied. (0x5)
[0107/234900.590:ERROR:process_reader_win.cc(151)] SuspendThread: Access is denied. (0x5)
[0107/234900.590:ERROR:process_reader_win.cc(123)] NtOpenThread: {Access Denied} A process has requested access to an object, but has not been granted those access rights. (0xc0000022)
[0107/234900.590:ERROR:exception_snapshot_win.cc(99)] thread ID 4404 not found in process
[0107/234900.621:ERROR:process_reader_win.cc(151)] SuspendThread: Access is denied. (0x5)
[0107/234900.621:ERROR:process_reader_win.cc(151)] SuspendThread: Access is denied. (0x5)
[0107/234900.621:ERROR:process_reader_win.cc(151)] SuspendThread: Access is denied. (0x5)
[0107/234900.621:ERROR:process_reader_win.cc(151)] SuspendThread: Access is denied. (0x5)
[0107/234900.621:ERROR:process_reader_win.cc(151)] SuspendThread: Access is denied. (0x5)
[0107/234900.621:ERROR:process_reader_win.cc(151)] SuspendThread: Access is denied. (0x5)
[0107/234900.621:ERROR:process_reader_win.cc(151)] SuspendThread: Access is denied. (0x5)
[0107/234900.621:ERROR:process_reader_win.cc(151)] SuspendThread: Access is denied. (0x5)
[0107/234900.621:ERROR:process_reader_win.cc(151)] SuspendThread: Access is denied. (0x5)
[0107/234900.621:ERROR:process_reader_win.cc(151)] SuspendThread: Access is denied. (0x5)
[0107/234900.621:ERROR:process_reader_win.cc(151)] SuspendThread: Access is denied. (0x5)
[0107/234900.621:ERROR:process_reader_win.cc(151)] SuspendThread: Access is denied. (0x5)
[0107/234900.621:ERROR:process_reader_win.cc(151)] SuspendThread: Access is denied. (0x5)
[0107/234900.621:ERROR:process_reader_win.cc(151)] SuspendThread: Access is denied. (0x5)
[0107/234900.621:ERROR:process_reader_win.cc(123)] NtOpenThread: {Access Denied} A process has requested access to an object, but has not been granted those access rights. (0xc0000022)
[0107/234900.637:ERROR:exception_snapshot_win.cc(99)] thread ID 528 not found in process
[0107/234900.637:ERROR:process_reader_win.cc(151)] SuspendThread: Access is denied. (0x5)
[0107/234900.637:ERROR:process_reader_win.cc(151)] SuspendThread: Access is denied. (0x5)
[0107/234900.637:ERROR:process_reader_win.cc(151)] SuspendThread: Access is denied. (0x5)
[0107/234900.637:ERROR:process_reader_win.cc(151)] SuspendThread: Access is denied. (0x5)
[0107/234900.637:ERROR:process_reader_win.cc(151)] SuspendThread: Access is denied. (0x5)
[0107/234900.637:ERROR:process_reader_win.cc(151)] SuspendThread: Access is denied. (0x5)
[0107/234900.637:ERROR:process_reader_win.cc(151)] SuspendThread: Access is denied. (0x5)
[0107/234900.637:ERROR:process_reader_win.cc(151)] SuspendThread: Access is denied. (0x5)
[0107/234900.637:ERROR:process_reader_win.cc(151)] SuspendThread: Access is denied. (0x5)
[0107/234900.637:ERROR:process_reader_win.cc(151)] SuspendThread: Access is denied. (0x5)
[0107/234900.637:ERROR:process_reader_win.cc(151)] SuspendThread: Access is denied. (0x5)
[0107/234900.637:ERROR:process_reader_win.cc(151)] SuspendThread: Access is denied. (0x5)
[0107/234900.637:ERROR:process_reader_win.cc(151)] SuspendThread: Access is denied. (0x5)
[0107/234900.637:ERROR:process_reader_win.cc(151)] SuspendThread: Access is denied. (0x5)
[0107/234900.637:ERROR:process_reader_win.cc(151)] SuspendThread: Access is denied. (0x5)
[0107/234900.637:ERROR:process_reader_win.cc(123)] NtOpenThread: {Access Denied} A process has requested access to an object, but has not been granted those access rights. (0xc0000022)
[0107/234900.637:ERROR:exception_snapshot_win.cc(99)] thread ID 8040 not found in process
[0107/234900.652:ERROR:process_reader_win.cc(151)] SuspendThread: Access is denied. (0x5)
[0107/234900.652:ERROR:process_reader_win.cc(151)] SuspendThread: Access is denied. (0x5)
[0107/234900.652:ERROR:process_reader_win.cc(151)] SuspendThread: Access is denied. (0x5)
[0107/234900.652:ERROR:process_reader_win.cc(151)] SuspendThread: Access is denied. (0x5)
[0107/234900.652:ERROR:process_reader_win.cc(151)] SuspendThread: Access is denied. (0x5)
[0107/234900.652:ERROR:process_reader_win.cc(151)] SuspendThread: Access is denied. (0x5)
[0107/234900.652:ERROR:process_reader_win.cc(151)] SuspendThread: Access is denied. (0x5)
[0107/234900.652:ERROR:process_reader_win.cc(151)] SuspendThread: Access is denied. (0x5)
[0107/234900.652:ERROR:process_reader_win.cc(151)] SuspendThread: Access is denied. (0x5)
[0107/234900.652:ERROR:process_reader_win.cc(151)] SuspendThread: Access is denied. (0x5)
[0107/234900.652:ERROR:process_reader_win.cc(151)] SuspendThread: Access is denied. (0x5)
[0107/234900.652:ERROR:process_reader_win.cc(151)] SuspendThread: Access is denied. (0x5)
[0107/234900.652:ERROR:process_reader_win.cc(151)] SuspendThread: Access is denied. (0x5)
[0107/234900.652:ERROR:process_reader_win.cc(123)] NtOpenThread: {Access Denied} A process has requested access to an object, but has not been granted those access rights. (0xc0000022)
[0107/234900.652:ERROR:exception_snapshot_win.cc(99)] thread ID 15288 not found in process
[0107/234900.652:ERROR:process_reader_win.cc(151)] SuspendThread: Access is denied. (0x5)
[0107/234900.652:ERROR:process_reader_win.cc(151)] SuspendThread: Access is denied. (0x5)
[0107/234900.652:ERROR:process_reader_win.cc(151)] SuspendThread: Access is denied. (0x5)
[0107/234900.652:ERROR:process_reader_win.cc(151)] SuspendThread: Access is denied. (0x5)
[0107/234900.652:ERROR:process_reader_win.cc(151)] SuspendThread: Access is denied. (0x5)
[0107/234900.652:ERROR:process_reader_win.cc(151)] SuspendThread: Access is denied. (0x5)
[0107/234900.652:ERROR:process_reader_win.cc(151)] SuspendThread: Access is denied. (0x5)
[0107/234900.652:ERROR:process_reader_win.cc(151)] SuspendThread: Access is denied. (0x5)
[0107/234900.652:ERROR:process_reader_win.cc(151)] SuspendThread: Access is denied. (0x5)
[0107/234900.652:ERROR:process_reader_win.cc(151)] SuspendThread: Access is denied. (0x5)
[0107/234900.652:ERROR:process_reader_win.cc(151)] SuspendThread: Access is denied. (0x5)
[0107/234900.652:ERROR:process_reader_win.cc(151)] SuspendThread: Access is denied. (0x5)
[0107/234900.652:ERROR:process_reader_win.cc(151)] SuspendThread: Access is denied. (0x5)
[0107/234900.652:ERROR:process_reader_win.cc(123)] NtOpenThread: {Access Denied} A process has requested access to an object, but has not been granted those access rights. (0xc0000022)
[0107/234900.652:ERROR:exception_snapshot_win.cc(99)] thread ID 17396 not found in process
[0107/234900.699:ERROR:process_reader_win.cc(151)] SuspendThread: Access is denied. (0x5)
[0107/234900.699:ERROR:process_reader_win.cc(151)] SuspendThread: Access is denied. (0x5)
[0107/234900.699:ERROR:process_reader_win.cc(151)] SuspendThread: Access is denied. (0x5)
[0107/234900.699:ERROR:process_reader_win.cc(151)] SuspendThread: Access is denied. (0x5)
[0107/234900.699:ERROR:process_reader_win.cc(151)] SuspendThread: Access is denied. (0x5)
[0107/234900.699:ERROR:process_reader_win.cc(151)] SuspendThread: Access is denied. (0x5)
[0107/234900.699:ERROR:process_reader_win.cc(151)] SuspendThread: Access is denied. (0x5)
[0107/234900.699:ERROR:process_reader_win.cc(151)] SuspendThread: Access is denied. (0x5)
[0107/234900.699:ERROR:process_reader_win.cc(151)] SuspendThread: Access is denied. (0x5)
[0107/234900.699:ERROR:process_reader_win.cc(151)] SuspendThread: Access is denied. (0x5)
[0107/234900.699:ERROR:process_reader_win.cc(151)] SuspendThread: Access is denied. (0x5)
[0107/234900.699:ERROR:process_reader_win.cc(151)] SuspendThread: Access is denied. (0x5)
[0107/234900.699:ERROR:process_reader_win.cc(151)] SuspendThread: Access is denied. (0x5)
[0107/234900.699:ERROR:process_reader_win.cc(151)] SuspendThread: Access is denied. (0x5)
[0107/234900.699:ERROR:process_reader_win.cc(151)] SuspendThread: Access is denied. (0x5)
[0107/234900.699:ERROR:process_reader_win.cc(151)] SuspendThread: Access is denied. (0x5)
[0107/234900.699:ERROR:process_reader_win.cc(151)] SuspendThread: Access is denied. (0x5)
[0107/234900.699:ERROR:process_reader_win.cc(151)] SuspendThread: Access is denied. (0x5)
[0107/234900.699:ERROR:process_reader_win.cc(151)] SuspendThread: Access is denied. (0x5)
[0107/234900.699:ERROR:process_reader_win.cc(151)] SuspendThread: Access is denied. (0x5)
[0107/234900.699:ERROR:process_reader_win.cc(151)] SuspendThread: Access is denied. (0x5)
[0107/234900.699:ERROR:process_reader_win.cc(151)] SuspendThread: Access is denied. (0x5)
[0107/234900.699:ERROR:process_reader_win.cc(151)] SuspendThread: Access is denied. (0x5)
[0107/234900.699:ERROR:process_reader_win.cc(151)] SuspendThread: Access is denied. (0x5)
[0107/234900.699:ERROR:process_reader_win.cc(151)] SuspendThread: Access is denied. (0x5)
[0107/234900.699:ERROR:process_reader_win.cc(151)] SuspendThread: Access is denied. (0x5)
[0107/234900.699:ERROR:process_reader_win.cc(123)] NtOpenThread: {Access Denied} A process has requested access to an object, but has not been granted those access rights. (0xc0000022)
[0107/234900.699:ERROR:process_reader_win.cc(123)] NtOpenThread: {Access Denied} A process has requested access to an object, but has not been granted those access rights. (0xc0000022)
[0107/234900.699:ERROR:exception_snapshot_win.cc(99)] thread ID 6644 not found in process
[0107/234900.699:ERROR:exception_snapshot_win.cc(99)] thread ID 8744 not found in process
[0107/234900.699:ERROR:process_reader_win.cc(151)] SuspendThread: Access is denied. (0x5)
[0107/234900.699:ERROR:process_reader_win.cc(151)] SuspendThread: Access is denied. (0x5)
[0107/234900.715:ERROR:process_reader_win.cc(151)] SuspendThread: Access is denied. (0x5)
[0107/234900.715:ERROR:process_reader_win.cc(151)] SuspendThread: Access is denied. (0x5)
[0107/234900.715:ERROR:process_reader_win.cc(151)] SuspendThread: Access is denied. (0x5)
[0107/234900.715:ERROR:process_reader_win.cc(151)] SuspendThread: Access is denied. (0x5)
[0107/234900.715:ERROR:process_reader_win.cc(151)] SuspendThread: Access is denied. (0x5)
[0107/234900.715:ERROR:process_reader_win.cc(151)] SuspendThread: Access is denied. (0x5)
[0107/234900.715:ERROR:process_reader_win.cc(151)] SuspendThread: Access is denied. (0x5)
[0107/234900.715:ERROR:process_reader_win.cc(151)] SuspendThread: Access is denied. (0x5)
[0107/234900.715:ERROR:process_reader_win.cc(151)] SuspendThread: Access is denied. (0x5)
[0107/234900.715:ERROR:process_reader_win.cc(151)] SuspendThread: Access is denied. (0x5)
[0107/234900.715:ERROR:process_reader_win.cc(151)] SuspendThread: Access is denied. (0x5)
[0107/234900.715:ERROR:process_reader_win.cc(123)] NtOpenThread: {Access Denied} A process has requested access to an object, but has not been granted those access rights. (0xc0000022)
[0107/234900.715:ERROR:exception_snapshot_win.cc(99)] thread ID 12328 not found in process
[0107/234900.715:ERROR:process_reader_win.cc(151)] SuspendThread: Access is denied. (0x5)
[0107/234900.715:ERROR:process_reader_win.cc(151)] SuspendThread: Access is denied. (0x5)
[0107/234900.715:ERROR:process_reader_win.cc(151)] SuspendThread: Access is denied. (0x5)
[0107/234900.715:ERROR:process_reader_win.cc(151)] SuspendThread: Access is denied. (0x5)
[0107/234900.715:ERROR:process_reader_win.cc(151)] SuspendThread: Access is denied. (0x5)
[0107/234900.715:ERROR:process_reader_win.cc(151)] SuspendThread: Access is denied. (0x5)
[0107/234900.715:ERROR:process_reader_win.cc(151)] SuspendThread: Access is denied. (0x5)
[0107/234900.715:ERROR:process_reader_win.cc(151)] SuspendThread: Access is denied. (0x5)
[0107/234900.715:ERROR:process_reader_win.cc(151)] SuspendThread: Access is denied. (0x5)
[0107/234900.715:ERROR:process_reader_win.cc(151)] SuspendThread: Access is denied. (0x5)
[0107/234900.715:ERROR:process_reader_win.cc(151)] SuspendThread: Access is denied. (0x5)
[0107/234900.715:ERROR:process_reader_win.cc(151)] SuspendThread: Access is denied. (0x5)
[0107/234900.715:ERROR:process_reader_win.cc(151)] SuspendThread: Access is denied. (0x5)
[0107/234900.715:ERROR:process_reader_win.cc(123)] NtOpenThread: {Access Denied} A process has requested access to an object, but has not been granted those access rights. (0xc0000022)
[0107/234900.715:ERROR:exception_snapshot_win.cc(99)] thread ID 7464 not found in process
[0107/234900.746:ERROR:process_reader_win.cc(151)] SuspendThread: Access is denied. (0x5)
[0107/234900.746:ERROR:process_reader_win.cc(151)] SuspendThread: Access is denied. (0x5)
[0107/234900.746:ERROR:process_reader_win.cc(151)] SuspendThread: Access is denied. (0x5)
[0107/234900.746:ERROR:process_reader_win.cc(151)] SuspendThread: Access is denied. (0x5)
[0107/234900.746:ERROR:process_reader_win.cc(151)] SuspendThread: Access is denied. (0x5)
[0107/234900.746:ERROR:process_reader_win.cc(151)] SuspendThread: Access is denied. (0x5)
[0107/234900.746:ERROR:process_reader_win.cc(151)] SuspendThread: Access is denied. (0x5)
[0107/234900.746:ERROR:process_reader_win.cc(151)] SuspendThread: Access is denied. (0x5)
[0107/234900.746:ERROR:process_reader_win.cc(151)] SuspendThread: Access is denied. (0x5)
[0107/234900.746:ERROR:process_reader_win.cc(151)] SuspendThread: Access is denied. (0x5)
[0107/234900.746:ERROR:process_reader_win.cc(151)] SuspendThread: Access is denied. (0x5)
[0107/234900.746:ERROR:process_reader_win.cc(151)] SuspendThread: Access is denied. (0x5)
[0107/234900.746:ERROR:process_reader_win.cc(151)] SuspendThread: Access is denied. (0x5)
[0107/234900.746:ERROR:process_reader_win.cc(123)] NtOpenThread: {Access Denied} A process has requested access to an object, but has not been granted those access rights. (0xc0000022)
[0107/234900.746:ERROR:exception_snapshot_win.cc(99)] thread ID 17584 not found in process
[0107/234900.746:ERROR:process_reader_win.cc(151)] SuspendThread: Access is denied. (0x5)
[0107/234900.746:ERROR:process_reader_win.cc(151)] SuspendThread: Access is denied. (0x5)
[0107/234900.746:ERROR:process_reader_win.cc(151)] SuspendThread: Access is denied. (0x5)
[0107/234900.746:ERROR:process_reader_win.cc(151)] SuspendThread: Access is denied. (0x5)
[0107/234900.746:ERROR:process_reader_win.cc(151)] SuspendThread: Access is denied. (0x5)
[0107/234900.746:ERROR:process_reader_win.cc(151)] SuspendThread: Access is denied. (0x5)
[0107/234900.746:ERROR:process_reader_win.cc(151)] SuspendThread: Access is denied. (0x5)
[0107/234900.746:ERROR:process_reader_win.cc(151)] SuspendThread: Access is denied. (0x5)
[0107/234900.746:ERROR:process_reader_win.cc(151)] SuspendThread: Access is denied. (0x5)
[0107/234900.746:ERROR:process_reader_win.cc(151)] SuspendThread: Access is denied. (0x5)
[0107/234900.746:ERROR:process_reader_win.cc(151)] SuspendThread: Access is denied. (0x5)
[0107/234900.746:ERROR:process_reader_win.cc(151)] SuspendThread: Access is denied. (0x5)
[0107/234900.746:ERROR:process_reader_win.cc(151)] SuspendThread: Access is denied. (0x5)
[0107/234900.746:ERROR:process_reader_win.cc(123)] NtOpenThread: {Access Denied} A process has requested access to an object, but has not been granted those access rights. (0xc0000022)
[0107/234900.746:ERROR:exception_snapshot_win.cc(99)] thread ID 17496 not found in process
[0107/234900.778:ERROR:process_reader_win.cc(151)] SuspendThread: Access is denied. (0x5)
[0107/234900.778:ERROR:process_reader_win.cc(151)] SuspendThread: Access is denied. (0x5)
[0107/234900.778:ERROR:process_reader_win.cc(151)] SuspendThread: Access is denied. (0x5)
[0107/234900.778:ERROR:process_reader_win.cc(151)] SuspendThread: Access is denied. (0x5)
[0107/234900.778:ERROR:process_reader_win.cc(151)] SuspendThread: Access is denied. (0x5)
[0107/234900.778:ERROR:process_reader_win.cc(151)] SuspendThread: Access is denied. (0x5)
[0107/234900.778:ERROR:process_reader_win.cc(151)] SuspendThread: Access is denied. (0x5)
[0107/234900.778:ERROR:process_reader_win.cc(151)] SuspendThread: Access is denied. (0x5)
[0107/234900.778:ERROR:process_reader_win.cc(151)] SuspendThread: Access is denied. (0x5)
[0107/234900.778:ERROR:process_reader_win.cc(151)] SuspendThread: Access is denied. (0x5)
[0107/234900.778:ERROR:process_reader_win.cc(151)] SuspendThread: Access is denied. (0x5)
[0107/234900.778:ERROR:process_reader_win.cc(151)] SuspendThread: Access is denied. (0x5)
[0107/234900.778:ERROR:process_reader_win.cc(151)] SuspendThread: Access is denied. (0x5)
[0107/234900.778:ERROR:process_reader_win.cc(123)] NtOpenThread: {Access Denied} A process has requested access to an object, but has not been granted those access rights. (0xc0000022)
[0107/234900.778:ERROR:exception_snapshot_win.cc(99)] thread ID 2132 not found in process
[0107/234900.778:ERROR:process_reader_win.cc(151)] SuspendThread: Access is denied. (0x5)
[0107/234900.778:ERROR:process_reader_win.cc(151)] SuspendThread: Access is denied. (0x5)
[0107/234900.778:ERROR:process_reader_win.cc(151)] SuspendThread: Access is denied. (0x5)
[0107/234900.778:ERROR:process_reader_win.cc(151)] SuspendThread: Access is denied. (0x5)
[0107/234900.778:ERROR:process_reader_win.cc(151)] SuspendThread: Access is denied. (0x5)
[0107/234900.778:ERROR:process_reader_win.cc(151)] SuspendThread: Access is denied. (0x5)
[0107/234900.778:ERROR:process_reader_win.cc(151)] SuspendThread: Access is denied. (0x5)
[0107/234900.778:ERROR:process_reader_win.cc(151)] SuspendThread: Access is denied. (0x5)
[0107/234900.778:ERROR:process_reader_win.cc(151)] SuspendThread: Access is denied. (0x5)
[0107/234900.778:ERROR:process_reader_win.cc(151)] SuspendThread: Access is denied. (0x5)
[0107/234900.778:ERROR:process_reader_win.cc(151)] SuspendThread: Access is denied. (0x5)
[0107/234900.778:ERROR:process_reader_win.cc(151)] SuspendThread: Access is denied. (0x5)
[0107/234900.778:ERROR:process_reader_win.cc(151)] SuspendThread: Access is denied. (0x5)
[0107/234900.778:ERROR:process_reader_win.cc(123)] NtOpenThread: {Access Denied} A process has requested access to an object, but has not been granted those access rights. (0xc0000022)
[0107/234900.778:ERROR:exception_snapshot_win.cc(99)] thread ID 16124 not found in process
[0107/234900.809:ERROR:process_reader_win.cc(151)] SuspendThread: Access is denied. (0x5)
[0107/234900.809:ERROR:process_reader_win.cc(151)] SuspendThread: Access is denied. (0x5)
[0107/234900.809:ERROR:process_reader_win.cc(151)] SuspendThread: Access is denied. (0x5)
[0107/234900.809:ERROR:process_reader_win.cc(151)] SuspendThread: Access is denied. (0x5)
[0107/234900.809:ERROR:process_reader_win.cc(151)] SuspendThread: Access is denied. (0x5)
[0107/234900.809:ERROR:process_reader_win.cc(151)] SuspendThread: Access is denied. (0x5)
[0107/234900.809:ERROR:process_reader_win.cc(151)] SuspendThread: Access is denied. (0x5)
[0107/234900.809:ERROR:process_reader_win.cc(151)] SuspendThread: Access is denied. (0x5)
[0107/234900.809:ERROR:process_reader_win.cc(151)] SuspendThread: Access is denied. (0x5)
[0107/234900.809:ERROR:process_reader_win.cc(151)] SuspendThread: Access is denied. (0x5)
[0107/234900.809:ERROR:process_reader_win.cc(151)] SuspendThread: Access is denied. (0x5)
[0107/234900.809:ERROR:process_reader_win.cc(151)] SuspendThread: Access is denied. (0x5)
[0107/234900.809:ERROR:process_reader_win.cc(151)] SuspendThread: Access is denied. (0x5)
[0107/234900.809:ERROR:process_reader_win.cc(123)] NtOpenThread: {Access Denied} A process has requested access to an object, but has not been granted those access rights. (0xc0000022)
[0107/234900.809:ERROR:exception_snapshot_win.cc(99)] thread ID 17448 not found in process
[0107/234900.824:ERROR:process_reader_win.cc(151)] SuspendThread: Access is denied. (0x5)
[0107/234900.824:ERROR:process_reader_win.cc(151)] SuspendThread: Access is denied. (0x5)
[0107/234900.824:ERROR:process_reader_win.cc(151)] SuspendThread: Access is denied. (0x5)
[0107/234900.824:ERROR:process_reader_win.cc(151)] SuspendThread: Access is denied. (0x5)
[0107/234900.824:ERROR:process_reader_win.cc(151)] SuspendThread: Access is denied. (0x5)
[0107/234900.824:ERROR:process_reader_win.cc(151)] SuspendThread: Access is denied. (0x5)
[0107/234900.824:ERROR:process_reader_win.cc(151)] SuspendThread: Access is denied. (0x5)
[0107/234900.824:ERROR:process_reader_win.cc(151)] SuspendThread: Access is denied. (0x5)
[0107/234900.824:ERROR:process_reader_win.cc(151)] SuspendThread: Access is denied. (0x5)
[0107/234900.824:ERROR:process_reader_win.cc(151)] SuspendThread: Access is denied. (0x5)
[0107/234900.824:ERROR:process_reader_win.cc(151)] SuspendThread: Access is denied. (0x5)
[0107/234900.824:ERROR:process_reader_win.cc(151)] SuspendThread: Access is denied. (0x5)
[0107/234900.824:ERROR:process_reader_win.cc(151)] SuspendThread: Access is denied. (0x5)
[0107/234900.824:ERROR:process_reader_win.cc(123)] NtOpenThread: {Access Denied} A process has requested access to an object, but has not been granted those access rights. (0xc0000022)
[0107/234900.824:ERROR:exception_snapshot_win.cc(99)] thread ID 14388 not found in process
[0107/234900.840:ERROR:process_reader_win.cc(151)] SuspendThread: Access is denied. (0x5)
[0107/234900.840:ERROR:process_reader_win.cc(151)] SuspendThread: Access is denied. (0x5)
[0107/234900.840:ERROR:process_reader_win.cc(151)] SuspendThread: Access is denied. (0x5)
[0107/234900.840:ERROR:process_reader_win.cc(151)] SuspendThread: Access is denied. (0x5)
[0107/234900.840:ERROR:process_reader_win.cc(151)] SuspendThread: Access is denied. (0x5)
[0107/234900.840:ERROR:process_reader_win.cc(151)] SuspendThread: Access is denied. (0x5)
[0107/234900.840:ERROR:process_reader_win.cc(151)] SuspendThread: Access is denied. (0x5)
[0107/234900.840:ERROR:process_reader_win.cc(151)] SuspendThread: Access is denied. (0x5)
[0107/234900.840:ERROR:process_reader_win.cc(151)] SuspendThread: Access is denied. (0x5)
[0107/234900.840:ERROR:process_reader_win.cc(151)] SuspendThread: Access is denied. (0x5)
[0107/234900.840:ERROR:process_reader_win.cc(151)] SuspendThread: Access is denied. (0x5)
[0107/234900.840:ERROR:process_reader_win.cc(151)] SuspendThread: Access is denied. (0x5)
[0107/234900.840:ERROR:process_reader_win.cc(151)] SuspendThread: Access is denied. (0x5)
[0107/234900.840:ERROR:process_reader_win.cc(123)] NtOpenThread: {Access Denied} A process has requested access to an object, but has not been granted those access rights. (0xc0000022)
[0107/234900.840:ERROR:exception_snapshot_win.cc(99)] thread ID 8284 not found in process
[0107/234900.840:ERROR:process_reader_win.cc(151)] SuspendThread: Access is denied. (0x5)
[0107/234900.840:ERROR:process_reader_win.cc(151)] SuspendThread: Access is denied. (0x5)
[0107/234900.840:ERROR:process_reader_win.cc(151)] SuspendThread: Access is denied. (0x5)
[0107/234900.840:ERROR:process_reader_win.cc(151)] SuspendThread: Access is denied. (0x5)
[0107/234900.840:ERROR:process_reader_win.cc(151)] SuspendThread: Access is denied. (0x5)
[0107/234900.840:ERROR:process_reader_win.cc(151)] SuspendThread: Access is denied. (0x5)
[0107/234900.840:ERROR:process_reader_win.cc(151)] SuspendThread: Access is denied. (0x5)
[0107/234900.840:ERROR:process_reader_win.cc(151)] SuspendThread: Access is denied. (0x5)
[0107/234900.840:ERROR:process_reader_win.cc(151)] SuspendThread: Access is denied. (0x5)
[0107/234900.840:ERROR:process_reader_win.cc(151)] SuspendThread: Access is denied. (0x5)
[0107/234900.840:ERROR:process_reader_win.cc(151)] SuspendThread: Access is denied. (0x5)
[0107/234900.840:ERROR:process_reader_win.cc(151)] SuspendThread: Access is denied. (0x5)
[0107/234900.840:ERROR:process_reader_win.cc(151)] SuspendThread: Access is denied. (0x5)
[0107/234900.840:ERROR:process_reader_win.cc(123)] NtOpenThread: {Access Denied} A process has requested access to an object, but has not been granted those access rights. (0xc0000022)
[0107/234900.840:ERROR:exception_snapshot_win.cc(99)] thread ID 10780 not found in process
[0107/234900.871:ERROR:process_reader_win.cc(151)] SuspendThread: Access is denied. (0x5)
[0107/234900.871:ERROR:process_reader_win.cc(151)] SuspendThread: Access is denied. (0x5)
[0107/234900.871:ERROR:process_reader_win.cc(151)] SuspendThread: Access is denied. (0x5)
[0107/234900.871:ERROR:process_reader_win.cc(151)] SuspendThread: Access is denied. (0x5)
[0107/234900.871:ERROR:process_reader_win.cc(151)] SuspendThread: Access is denied. (0x5)
[0107/234900.871:ERROR:process_reader_win.cc(151)] SuspendThread: Access is denied. (0x5)
[0107/234900.871:ERROR:process_reader_win.cc(151)] SuspendThread: Access is denied. (0x5)
[0107/234900.871:ERROR:process_reader_win.cc(151)] SuspendThread: Access is denied. (0x5)
[0107/234900.871:ERROR:process_reader_win.cc(151)] SuspendThread: Access is denied. (0x5)
[0107/234900.871:ERROR:process_reader_win.cc(151)] SuspendThread: Access is denied. (0x5)
[0107/234900.871:ERROR:process_reader_win.cc(151)] SuspendThread: Access is denied. (0x5)
[0107/234900.871:ERROR:process_reader_win.cc(151)] SuspendThread: Access is denied. (0x5)
[0107/234900.871:ERROR:process_reader_win.cc(151)] SuspendThread: Access is denied. (0x5)
[0107/234900.871:ERROR:process_reader_win.cc(123)] NtOpenThread: {Access Denied} A process has requested access to an object, but has not been granted those access rights. (0xc0000022)
[0107/234900.871:ERROR:exception_snapshot_win.cc(99)] thread ID 17784 not found in process
[0107/234900.887:ERROR:process_reader_win.cc(151)] SuspendThread: Access is denied. (0x5)
[0107/234900.887:ERROR:process_reader_win.cc(151)] SuspendThread: Access is denied. (0x5)
[0107/234900.887:ERROR:process_reader_win.cc(151)] SuspendThread: Access is denied. (0x5)
[0107/234900.887:ERROR:process_reader_win.cc(151)] SuspendThread: Access is denied. (0x5)
[0107/234900.887:ERROR:process_reader_win.cc(151)] SuspendThread: Access is denied. (0x5)
[0107/234900.887:ERROR:process_reader_win.cc(151)] SuspendThread: Access is denied. (0x5)
[0107/234900.887:ERROR:process_reader_win.cc(151)] SuspendThread: Access is denied. (0x5)
[0107/234900.887:ERROR:process_reader_win.cc(151)] SuspendThread: Access is denied. (0x5)
[0107/234900.887:ERROR:process_reader_win.cc(151)] SuspendThread: Access is denied. (0x5)
[0107/234900.887:ERROR:process_reader_win.cc(151)] SuspendThread: Access is denied. (0x5)
[0107/234900.887:ERROR:process_reader_win.cc(151)] SuspendThread: Access is denied. (0x5)
[0107/234900.887:ERROR:process_reader_win.cc(151)] SuspendThread: Access is denied. (0x5)
[0107/234900.887:ERROR:process_reader_win.cc(151)] SuspendThread: Access is denied. (0x5)
[0107/234900.887:ERROR:process_reader_win.cc(123)] NtOpenThread: {Access Denied} A process has requested access to an object, but has not been granted those access rights. (0xc0000022)
[0107/234900.887:ERROR:process_reader_win.cc(151)] SuspendThread: Access is denied. (0x5)
[0107/234900.887:ERROR:process_reader_win.cc(151)] SuspendThread: Access is denied. (0x5)
[0107/234900.887:ERROR:process_reader_win.cc(151)] SuspendThread: Access is denied. (0x5)
[0107/234900.887:ERROR:exception_snapshot_win.cc(99)] thread ID 9116 not found in process
[0107/234900.887:ERROR:process_reader_win.cc(151)] SuspendThread: Access is denied. (0x5)
[0107/234900.887:ERROR:process_reader_win.cc(151)] SuspendThread: Access is denied. (0x5)
[0107/234900.887:ERROR:process_reader_win.cc(151)] SuspendThread: Access is denied. (0x5)
[0107/234900.887:ERROR:process_reader_win.cc(151)] SuspendThread: Access is denied. (0x5)
[0107/234900.887:ERROR:process_reader_win.cc(151)] SuspendThread: Access is denied. (0x5)
[0107/234900.887:ERROR:process_reader_win.cc(151)] SuspendThread: Access is denied. (0x5)
[0107/234900.887:ERROR:process_reader_win.cc(151)] SuspendThread: Access is denied. (0x5)
[0107/234900.887:ERROR:process_reader_win.cc(151)] SuspendThread: Access is denied. (0x5)
[0107/234900.887:ERROR:process_reader_win.cc(151)] SuspendThread: Access is denied. (0x5)
[0107/234900.887:ERROR:process_reader_win.cc(123)] NtOpenThread: {Access Denied} A process has requested access to an object, but has not been granted those access rights. (0xc0000022)
[0107/234900.887:ERROR:exception_snapshot_win.cc(99)] thread ID 10536 not found in process
[0107/234900.918:ERROR:process_reader_win.cc(151)] SuspendThread: Access is denied. (0x5)
[0107/234900.918:ERROR:process_reader_win.cc(151)] SuspendThread: Access is denied. (0x5)
[0107/234900.918:ERROR:process_reader_win.cc(151)] SuspendThread: Access is denied. (0x5)
[0107/234900.918:ERROR:process_reader_win.cc(151)] SuspendThread: Access is denied. (0x5)
[0107/234900.918:ERROR:process_reader_win.cc(151)] SuspendThread: Access is denied. (0x5)
[0107/234900.918:ERROR:process_reader_win.cc(151)] SuspendThread: Access is denied. (0x5)
[0107/234900.918:ERROR:process_reader_win.cc(151)] SuspendThread: Access is denied. (0x5)
[0107/234900.918:ERROR:process_reader_win.cc(151)] SuspendThread: Access is denied. (0x5)
[0107/234900.918:ERROR:process_reader_win.cc(151)] SuspendThread: Access is denied. (0x5)
[0107/234900.918:ERROR:process_reader_win.cc(151)] SuspendThread: Access is denied. (0x5)
[0107/234900.918:ERROR:process_reader_win.cc(151)] SuspendThread: Access is denied. (0x5)
[0107/234900.918:ERROR:process_reader_win.cc(151)] SuspendThread: Access is denied. (0x5)
[0107/234900.918:ERROR:process_reader_win.cc(151)] SuspendThread: Access is denied. (0x5)
[0107/234900.918:ERROR:process_reader_win.cc(123)] NtOpenThread: {Access Denied} A process has requested access to an object, but has not been granted those access rights. (0xc0000022)
[0107/234900.918:ERROR:exception_snapshot_win.cc(99)] thread ID 17772 not found in process
[0107/234900.949:ERROR:process_reader_win.cc(151)] SuspendThread: Access is denied. (0x5)
[0107/234900.949:ERROR:process_reader_win.cc(151)] SuspendThread: Access is denied. (0x5)
[0107/234900.949:ERROR:process_reader_win.cc(151)] SuspendThread: Access is denied. (0x5)
[0107/234900.949:ERROR:process_reader_win.cc(151)] SuspendThread: Access is denied. (0x5)
[0107/234900.949:ERROR:process_reader_win.cc(151)] SuspendThread: Access is denied. (0x5)
[0107/234900.949:ERROR:process_reader_win.cc(151)] SuspendThread: Access is denied. (0x5)
[0107/234900.949:ERROR:process_reader_win.cc(151)] SuspendThread: Access is denied. (0x5)
[0107/234900.949:ERROR:process_reader_win.cc(151)] SuspendThread: Access is denied. (0x5)
[0107/234900.949:ERROR:process_reader_win.cc(151)] SuspendThread: Access is denied. (0x5)
[0107/234900.949:ERROR:process_reader_win.cc(151)] SuspendThread: Access is denied. (0x5)
[0107/234900.949:ERROR:process_reader_win.cc(151)] SuspendThread: Access is denied. (0x5)
[0107/234900.949:ERROR:process_reader_win.cc(151)] SuspendThread: Access is denied. (0x5)
[0107/234900.949:ERROR:process_reader_win.cc(123)] NtOpenThread: {Access Denied} A process has requested access to an object, but has not been granted those access rights. (0xc0000022)
[0107/234900.949:ERROR:exception_snapshot_win.cc(99)] thread ID 14684 not found in process
[0107/234900.949:ERROR:process_reader_win.cc(151)] SuspendThread: Access is denied. (0x5)
[0107/234900.949:ERROR:process_reader_win.cc(151)] SuspendThread: Access is denied. (0x5)
[0107/234900.949:ERROR:process_reader_win.cc(151)] SuspendThread: Access is denied. (0x5)
[0107/234900.949:ERROR:process_reader_win.cc(151)] SuspendThread: Access is denied. (0x5)
[0107/234900.949:ERROR:process_reader_win.cc(151)] SuspendThread: Access is denied. (0x5)
[0107/234900.949:ERROR:process_reader_win.cc(151)] SuspendThread: Access is denied. (0x5)
[0107/234900.949:ERROR:process_reader_win.cc(151)] SuspendThread: Access is denied. (0x5)
[0107/234900.949:ERROR:process_reader_win.cc(151)] SuspendThread: Access is denied. (0x5)
[0107/234900.949:ERROR:process_reader_win.cc(151)] SuspendThread: Access is denied. (0x5)
[0107/234900.949:ERROR:process_reader_win.cc(151)] SuspendThread: Access is denied. (0x5)
[0107/234900.949:ERROR:process_reader_win.cc(151)] SuspendThread: Access is denied. (0x5)
[0107/234900.949:ERROR:process_reader_win.cc(151)] SuspendThread: Access is denied. (0x5)
[0107/234900.949:ERROR:process_reader_win.cc(123)] NtOpenThread: {Access Denied} A process has requested access to an object, but has not been granted those access rights. (0xc0000022)
[0107/234900.949:ERROR:exception_snapshot_win.cc(99)] thread ID 6608 not found in process
[0107/234900.981:ERROR:process_reader_win.cc(151)] SuspendThread: Access is denied. (0x5)
[0107/234900.981:ERROR:process_reader_win.cc(151)] SuspendThread: Access is denied. (0x5)
[0107/234900.981:ERROR:process_reader_win.cc(151)] SuspendThread: Access is denied. (0x5)
[0107/234900.981:ERROR:process_reader_win.cc(151)] SuspendThread: Access is denied. (0x5)
[0107/234900.981:ERROR:process_reader_win.cc(151)] SuspendThread: Access is denied. (0x5)
[0107/234900.981:ERROR:process_reader_win.cc(151)] SuspendThread: Access is denied. (0x5)
[0107/234900.981:ERROR:process_reader_win.cc(151)] SuspendThread: Access is denied. (0x5)
[0107/234900.981:ERROR:process_reader_win.cc(151)] SuspendThread: Access is denied. (0x5)
[0107/234900.981:ERROR:process_reader_win.cc(151)] SuspendThread: Access is denied. (0x5)
[0107/234900.981:ERROR:process_reader_win.cc(151)] SuspendThread: Access is denied. (0x5)
[0107/234900.981:ERROR:process_reader_win.cc(151)] SuspendThread: Access is denied. (0x5)
[0107/234900.981:ERROR:process_reader_win.cc(151)] SuspendThread: Access is denied. (0x5)
[0107/234900.981:ERROR:process_reader_win.cc(123)] NtOpenThread: {Access Denied} A process has requested access to an object, but has not been granted those access rights. (0xc0000022)
[0107/234900.981:ERROR:exception_snapshot_win.cc(99)] thread ID 17112 not found in process
[0107/234900.981:ERROR:process_reader_win.cc(151)] SuspendThread: Access is denied. (0x5)
[0107/234900.981:ERROR:process_reader_win.cc(151)] SuspendThread: Access is denied. (0x5)
[0107/234900.981:ERROR:process_reader_win.cc(151)] SuspendThread: Access is denied. (0x5)
[0107/234900.981:ERROR:process_reader_win.cc(151)] SuspendThread: Access is denied. (0x5)
[0107/234900.981:ERROR:process_reader_win.cc(151)] SuspendThread: Access is denied. (0x5)
[0107/234900.981:ERROR:process_reader_win.cc(151)] SuspendThread: Access is denied. (0x5)
[0107/234900.981:ERROR:process_reader_win.cc(151)] SuspendThread: Access is denied. (0x5)
[0107/234900.981:ERROR:process_reader_win.cc(151)] SuspendThread: Access is denied. (0x5)
[0107/234900.981:ERROR:process_reader_win.cc(151)] SuspendThread: Access is denied. (0x5)
[0107/234900.981:ERROR:process_reader_win.cc(151)] SuspendThread: Access is denied. (0x5)
[0107/234900.981:ERROR:process_reader_win.cc(151)] SuspendThread: Access is denied. (0x5)
[0107/234900.981:ERROR:process_reader_win.cc(151)] SuspendThread: Access is denied. (0x5)
[0107/234900.981:ERROR:process_reader_win.cc(123)] NtOpenThread: {Access Denied} A process has requested access to an object, but has not been granted those access rights. (0xc0000022)
[0107/234900.981:ERROR:exception_snapshot_win.cc(99)] thread ID 17708 not found in process
[0107/234901.012:ERROR:process_reader_win.cc(151)] SuspendThread: Access is denied. (0x5)
[0107/234901.012:ERROR:process_reader_win.cc(151)] SuspendThread: Access is denied. (0x5)
[0107/234901.012:ERROR:process_reader_win.cc(151)] SuspendThread: Access is denied. (0x5)
[0107/234901.012:ERROR:process_reader_win.cc(151)] SuspendThread: Access is denied. (0x5)
[0107/234901.012:ERROR:process_reader_win.cc(151)] SuspendThread: Access is denied. (0x5)
[0107/234901.012:ERROR:process_reader_win.cc(151)] SuspendThread: Access is denied. (0x5)
[0107/234901.012:ERROR:process_reader_win.cc(151)] SuspendThread: Access is denied. (0x5)
[0107/234901.012:ERROR:process_reader_win.cc(151)] SuspendThread: Access is denied. (0x5)
[0107/234901.012:ERROR:process_reader_win.cc(151)] SuspendThread: Access is denied. (0x5)
[0107/234901.012:ERROR:process_reader_win.cc(151)] SuspendThread: Access is denied. (0x5)
[0107/234901.012:ERROR:process_reader_win.cc(123)] NtOpenThread: {Access Denied} A process has requested access to an object, but has not been granted those access rights. (0xc0000022)
[0107/234901.012:ERROR:process_reader_win.cc(151)] SuspendThread: Access is denied. (0x5)
[0107/234901.012:ERROR:exception_snapshot_win.cc(99)] thread ID 11980 not found in process
[0107/234901.012:ERROR:process_reader_win.cc(151)] SuspendThread: Access is denied. (0x5)
[0107/234901.012:ERROR:process_reader_win.cc(151)] SuspendThread: Access is denied. (0x5)
[0107/234901.012:ERROR:process_reader_win.cc(151)] SuspendThread: Access is denied. (0x5)
[0107/234901.012:ERROR:process_reader_win.cc(151)] SuspendThread: Access is denied. (0x5)
[0107/234901.012:ERROR:process_reader_win.cc(151)] SuspendThread: Access is denied. (0x5)
[0107/234901.012:ERROR:process_reader_win.cc(151)] SuspendThread: Access is denied. (0x5)
[0107/234901.012:ERROR:process_reader_win.cc(151)] SuspendThread: Access is denied. (0x5)
[0107/234901.012:ERROR:process_reader_win.cc(151)] SuspendThread: Access is denied. (0x5)
[0107/234901.012:ERROR:process_reader_win.cc(151)] SuspendThread: Access is denied. (0x5)
[0107/234901.012:ERROR:process_reader_win.cc(123)] NtOpenThread: {Access Denied} A process has requested access to an object, but has not been granted those access rights. (0xc0000022)
[0107/234901.012:ERROR:exception_snapshot_win.cc(99)] thread ID 6728 not found in process
[0107/234901.043:ERROR:process_reader_win.cc(123)] NtOpenThread: {Access Denied} A process has requested access to an object, but has not been granted those access rights. (0xc0000022)
[0107/234901.043:ERROR:exception_snapshot_win.cc(99)] thread ID 13032 not found in process
